# Logfile created on 2016-01-13 12:39:33 -0500 by logger.rb/47272
F, [2016-01-13T12:39:33.822052 #36055] FATAL -- : uninitialized constant SellerZipRunner::SellerZipExporter
F, [2016-01-13T12:39:33.822129 #36055] FATAL -- : ["seller_zip_exporter-runner.rb:14:in `run!'", "seller_zip_exporter-runner.rb:25:in `<main>'"]
I, [2016-01-13T12:40:00.222479 #36057]  INFO -- : nil
F, [2016-01-13T12:40:00.222589 #36057] FATAL -- : undefined method `[]' for nil:NilClass
F, [2016-01-13T12:40:00.222627 #36057] FATAL -- : ["/Users/kiliandavis/Desktop/Auction/git/adc-ruby-scripts/lib/job.rb:54:in `get_restforce_client'", "/Users/kiliandavis/Desktop/Auction/git/adc-ruby-scripts/jobs/seller_zip_exporter/src/seller_zip_exporter.rb:22:in `execute!'", "seller_zip_exporter-runner.rb:14:in `run!'", "seller_zip_exporter-runner.rb:25:in `<main>'"]
I, [2016-01-13T12:41:00.450454 #36060]  INFO -- : nil
F, [2016-01-13T12:41:00.450593 #36060] FATAL -- : undefined method `[]' for nil:NilClass
F, [2016-01-13T12:41:00.450639 #36060] FATAL -- : ["/Users/kiliandavis/Desktop/Auction/git/adc-ruby-scripts/lib/job.rb:54:in `get_restforce_client'", "/Users/kiliandavis/Desktop/Auction/git/adc-ruby-scripts/jobs/seller_zip_exporter/src/seller_zip_exporter.rb:23:in `execute!'", "seller_zip_exporter-runner.rb:14:in `run!'", "seller_zip_exporter-runner.rb:25:in `<main>'"]
I, [2016-01-13T12:42:10.185356 #36065]  INFO -- : {"host"=>"test.salesforce.com", "instance_url"=>nil, "username"=>"kdavis@auction.com.uat", "password"=>"Molldoll10606m18EnA0DTOhbGE7XjnxyzKeG", "security_token"=>nil, "client_id"=>"3MVG9zJJ_hX_0bb.TqAcD9Gu4OHehZMQ35_xyK4m6rgc1mKhlocHvUKQOZfTrHEYGEYXzNQncs9mZKFq65Uz5", "client_secret"=>856250824974617285}
F, [2016-01-13T12:42:11.330506 #36065] FATAL -- : invalid_grant: authentication failure
F, [2016-01-13T12:42:11.330608 #36065] FATAL -- : ["/usr/local/lib/ruby/gems/2.2.0/gems/restforce-1.5.1/lib/restforce/middleware/authentication.rb:24:in `authenticate!'", "/usr/local/lib/ruby/gems/2.2.0/gems/restforce-1.5.1/lib/restforce/concerns/authentication.rb:9:in `authenticate!'", "/Users/kiliandavis/Desktop/Auction/git/adc-ruby-scripts/lib/job.rb:55:in `get_restforce_client'", "/Users/kiliandavis/Desktop/Auction/git/adc-ruby-scripts/jobs/seller_zip_exporter/src/seller_zip_exporter.rb:21:in `execute!'", "seller_zip_exporter-runner.rb:14:in `run!'", "seller_zip_exporter-runner.rb:25:in `<main>'"]
I, [2016-01-14T10:58:06.014509 #38484]  INFO -- : {"host"=>"test.salesforce.com", "instance_url"=>nil, "username"=>"kdavis@auction.com.uat", "password"=>"Molldoll10606m18EnA0DTOhbGE7XjnxyzKeG", "security_token"=>nil, "client_id"=>"3MVG9zJJ_hX_0bb.TqAcD9Gu4OHehZMQ35_xyK4m6rgc1mKhlocHvUKQOZfTrHEYGEYXzNQncs9mZKFq65Uz5", "client_secret"=>856250824974617285}
F, [2016-01-14T10:58:07.008499 #38484] FATAL -- : invalid_grant: authentication failure
F, [2016-01-14T10:58:07.008596 #38484] FATAL -- : ["/usr/local/lib/ruby/gems/2.2.0/gems/restforce-1.5.1/lib/restforce/middleware/authentication.rb:24:in `authenticate!'", "/usr/local/lib/ruby/gems/2.2.0/gems/restforce-1.5.1/lib/restforce/concerns/authentication.rb:9:in `authenticate!'", "/Users/kiliandavis/Desktop/Auction/git/adc-ruby-scripts/lib/job.rb:55:in `get_restforce_client'", "/Users/kiliandavis/Desktop/Auction/git/adc-ruby-scripts/jobs/seller_zip_exporter/src/seller_zip_exporter.rb:21:in `execute!'", "seller_zip_exporter-runner.rb:14:in `run!'", "seller_zip_exporter-runner.rb:25:in `<main>'"]
I, [2016-01-14T11:01:34.542696 #38498]  INFO -- : {"host"=>"login.salesforce.com", "instance_url"=>nil, "username"=>"kdavis@auction.com", "password"=>"Molldoll10606", "security_token"=>"Sx37yiMLXhCPGbJh3wHkecIe", "client_id"=>"3MVG9iTxZANhwHQt0j0oOGc9BodRJK74qbBIve_2lqR_vPBrpJMmz_scGKKTjqztvfmtPtBSLTfH5.tW3YVg3", "client_secret"=>2798385460059144056}
F, [2016-01-14T11:01:35.496234 #38498] FATAL -- : undefined local variable or method `restforce_client' for #<SellerZipExporter:0x007fe869187438>
F, [2016-01-14T11:01:35.496317 #38498] FATAL -- : ["/Users/kiliandavis/Desktop/Auction/git/adc-ruby-scripts/jobs/seller_zip_exporter/src/seller_zip_exporter.rb:22:in `execute!'", "seller_zip_exporter-runner.rb:14:in `run!'", "seller_zip_exporter-runner.rb:25:in `<main>'"]
I, [2016-01-14T11:02:03.393086 #38500]  INFO -- : {"host"=>"login.salesforce.com", "instance_url"=>nil, "username"=>"kdavis@auction.com", "password"=>"Molldoll10606", "security_token"=>"Sx37yiMLXhCPGbJh3wHkecIe", "client_id"=>"3MVG9iTxZANhwHQt0j0oOGc9BodRJK74qbBIve_2lqR_vPBrpJMmz_scGKKTjqztvfmtPtBSLTfH5.tW3YVg3", "client_secret"=>2798385460059144056}
I, [2016-01-14T11:02:08.885141 #38500]  INFO -- : Login successful
F, [2016-01-14T11:02:09.231080 #38500] FATAL -- : undefined method `trim' for "Carrington - Appraisals":String
F, [2016-01-14T11:02:09.231197 #38500] FATAL -- : ["/Users/kiliandavis/Desktop/Auction/git/adc-ruby-scripts/jobs/seller_zip_exporter/src/seller_zip_exporter.rb:31:in `block in execute!'", "/usr/local/lib/ruby/gems/2.2.0/gems/restforce-1.5.1/lib/restforce/collection.rb:14:in `block in each'", "/usr/local/lib/ruby/gems/2.2.0/gems/restforce-1.5.1/lib/restforce/collection.rb:14:in `each'", "/usr/local/lib/ruby/gems/2.2.0/gems/restforce-1.5.1/lib/restforce/collection.rb:14:in `each'", "/Users/kiliandavis/Desktop/Auction/git/adc-ruby-scripts/jobs/seller_zip_exporter/src/seller_zip_exporter.rb:27:in `execute!'", "seller_zip_exporter-runner.rb:14:in `run!'", "seller_zip_exporter-runner.rb:25:in `<main>'"]
I, [2016-01-14T11:02:19.325665 #38502]  INFO -- : {"host"=>"login.salesforce.com", "instance_url"=>nil, "username"=>"kdavis@auction.com", "password"=>"Molldoll10606", "security_token"=>"Sx37yiMLXhCPGbJh3wHkecIe", "client_id"=>"3MVG9iTxZANhwHQt0j0oOGc9BodRJK74qbBIve_2lqR_vPBrpJMmz_scGKKTjqztvfmtPtBSLTfH5.tW3YVg3", "client_secret"=>2798385460059144056}
I, [2016-01-14T11:02:25.038738 #38502]  INFO -- : Login successful
I, [2016-01-14T11:04:47.969355 #38511]  INFO -- : {"host"=>"login.salesforce.com", "instance_url"=>nil, "username"=>"kdavis@auction.com", "password"=>"Molldoll10606", "security_token"=>"Sx37yiMLXhCPGbJh3wHkecIe", "client_id"=>"3MVG9iTxZANhwHQt0j0oOGc9BodRJK74qbBIve_2lqR_vPBrpJMmz_scGKKTjqztvfmtPtBSLTfH5.tW3YVg3", "client_secret"=>2798385460059144056}
I, [2016-01-14T11:04:48.406221 #38511]  INFO -- : Login successful
I, [2016-01-14T11:05:22.047373 #38513]  INFO -- : {"host"=>"login.salesforce.com", "instance_url"=>nil, "username"=>"kdavis@auction.com", "password"=>"Molldoll10606", "security_token"=>"Sx37yiMLXhCPGbJh3wHkecIe", "client_id"=>"3MVG9iTxZANhwHQt0j0oOGc9BodRJK74qbBIve_2lqR_vPBrpJMmz_scGKKTjqztvfmtPtBSLTfH5.tW3YVg3", "client_secret"=>2798385460059144056}
I, [2016-01-14T11:05:23.438155 #38513]  INFO -- : Login successful
I, [2016-01-14T11:05:57.962396 #38518]  INFO -- : {"host"=>"login.salesforce.com", "instance_url"=>nil, "username"=>"kdavis@auction.com", "password"=>"Molldoll10606", "security_token"=>"Sx37yiMLXhCPGbJh3wHkecIe", "client_id"=>"3MVG9iTxZANhwHQt0j0oOGc9BodRJK74qbBIve_2lqR_vPBrpJMmz_scGKKTjqztvfmtPtBSLTfH5.tW3YVg3", "client_secret"=>2798385460059144056}
I, [2016-01-14T11:05:58.753666 #38518]  INFO -- : Login successful
I, [2016-01-14T11:09:27.040876 #38529]  INFO -- : {"host"=>"login.salesforce.com", "instance_url"=>nil, "username"=>"kdavis@auction.com", "password"=>"Molldoll10606", "security_token"=>"Sx37yiMLXhCPGbJh3wHkecIe", "client_id"=>"3MVG9iTxZANhwHQt0j0oOGc9BodRJK74qbBIve_2lqR_vPBrpJMmz_scGKKTjqztvfmtPtBSLTfH5.tW3YVg3", "client_secret"=>2798385460059144056}
I, [2016-01-14T11:09:27.514193 #38529]  INFO -- : Login successful
I, [2016-01-14T11:10:01.785490 #38532]  INFO -- : {"host"=>"login.salesforce.com", "instance_url"=>nil, "username"=>"kdavis@auction.com", "password"=>"Molldoll10606", "security_token"=>"Sx37yiMLXhCPGbJh3wHkecIe", "client_id"=>"3MVG9iTxZANhwHQt0j0oOGc9BodRJK74qbBIve_2lqR_vPBrpJMmz_scGKKTjqztvfmtPtBSLTfH5.tW3YVg3", "client_secret"=>2798385460059144056}
I, [2016-01-14T11:10:02.782615 #38532]  INFO -- : Login successful
I, [2016-01-14T11:10:49.922786 #38538]  INFO -- : {"host"=>"login.salesforce.com", "instance_url"=>nil, "username"=>"kdavis@auction.com", "password"=>"Molldoll10606", "security_token"=>"Sx37yiMLXhCPGbJh3wHkecIe", "client_id"=>"3MVG9iTxZANhwHQt0j0oOGc9BodRJK74qbBIve_2lqR_vPBrpJMmz_scGKKTjqztvfmtPtBSLTfH5.tW3YVg3", "client_secret"=>2798385460059144056}
I, [2016-01-14T11:10:50.913853 #38538]  INFO -- : Login successful
I, [2016-01-14T11:11:46.995690 #38542]  INFO -- : {"host"=>"login.salesforce.com", "instance_url"=>nil, "username"=>"kdavis@auction.com", "password"=>"Molldoll10606", "security_token"=>"Sx37yiMLXhCPGbJh3wHkecIe", "client_id"=>"3MVG9iTxZANhwHQt0j0oOGc9BodRJK74qbBIve_2lqR_vPBrpJMmz_scGKKTjqztvfmtPtBSLTfH5.tW3YVg3", "client_secret"=>2798385460059144056}
I, [2016-01-14T11:11:47.418671 #38542]  INFO -- : Login successful
I, [2016-01-14T11:12:35.062048 #38545]  INFO -- : {"host"=>"login.salesforce.com", "instance_url"=>nil, "username"=>"kdavis@auction.com", "password"=>"Molldoll10606", "security_token"=>"Sx37yiMLXhCPGbJh3wHkecIe", "client_id"=>"3MVG9iTxZANhwHQt0j0oOGc9BodRJK74qbBIve_2lqR_vPBrpJMmz_scGKKTjqztvfmtPtBSLTfH5.tW3YVg3", "client_secret"=>2798385460059144056}
I, [2016-01-14T11:12:35.515769 #38545]  INFO -- : Login successful
I, [2016-01-14T11:17:55.932429 #38594]  INFO -- : {"host"=>"login.salesforce.com", "instance_url"=>nil, "username"=>"kdavis@auction.com", "password"=>"Molldoll10606", "security_token"=>"Sx37yiMLXhCPGbJh3wHkecIe", "client_id"=>"3MVG9iTxZANhwHQt0j0oOGc9BodRJK74qbBIve_2lqR_vPBrpJMmz_scGKKTjqztvfmtPtBSLTfH5.tW3YVg3", "client_secret"=>2798385460059144056}
I, [2016-01-14T11:17:56.817538 #38594]  INFO -- : Login successful
I, [2016-01-14T11:23:30.638026 #38603]  INFO -- : {"host"=>"login.salesforce.com", "instance_url"=>nil, "username"=>"kdavis@auction.com", "password"=>"Molldoll10606", "security_token"=>"Sx37yiMLXhCPGbJh3wHkecIe", "client_id"=>"3MVG9iTxZANhwHQt0j0oOGc9BodRJK74qbBIve_2lqR_vPBrpJMmz_scGKKTjqztvfmtPtBSLTfH5.tW3YVg3", "client_secret"=>2798385460059144056}
I, [2016-01-14T11:23:31.274758 #38603]  INFO -- : Login successful
F, [2016-01-14T11:23:32.553949 #38603] FATAL -- : INVALID_QUERY_FILTER_OPERATOR: 
ContentType, Type from FeedItem WHERE ParentID = '#{parentId}' LIMIT 1
                                      ^
ERROR at Row:1:Column:94
invalid ID field: #{parentId}
F, [2016-01-14T11:23:32.554231 #38603] FATAL -- : ["/usr/local/lib/ruby/gems/2.2.0/gems/restforce-1.5.1/lib/restforce/middleware/raise_error.rb:13:in `on_complete'", "/usr/local/lib/ruby/gems/2.2.0/gems/faraday-0.9.1/lib/faraday/response.rb:9:in `block in call'", "/usr/local/lib/ruby/gems/2.2.0/gems/faraday-0.9.1/lib/faraday/response.rb:57:in `on_complete'", "/usr/local/lib/ruby/gems/2.2.0/gems/faraday-0.9.1/lib/faraday/response.rb:8:in `call'", "/usr/local/lib/ruby/gems/2.2.0/gems/faraday_middleware-0.9.1/lib/faraday_middleware/response/follow_redirects.rb:79:in `perform_with_redirection'", "/usr/local/lib/ruby/gems/2.2.0/gems/faraday_middleware-0.9.1/lib/faraday_middleware/response/follow_redirects.rb:65:in `call'", "/usr/local/lib/ruby/gems/2.2.0/gems/faraday_middleware-0.9.1/lib/faraday_middleware/response_middleware.rb:30:in `call'", "/usr/local/lib/ruby/gems/2.2.0/gems/restforce-1.5.1/lib/restforce/middleware/instance_url.rb:9:in `call'", "/usr/local/lib/ruby/gems/2.2.0/gems/restforce-1.5.1/lib/restforce/middleware/authorization.rb:10:in `call'", "/usr/local/lib/ruby/gems/2.2.0/gems/restforce-1.5.1/lib/restforce/middleware/authentication.rb:13:in `call'", "/usr/local/lib/ruby/gems/2.2.0/gems/faraday_middleware-0.9.1/lib/faraday_middleware/request/encode_json.rb:23:in `call'", "/usr/local/lib/ruby/gems/2.2.0/gems/restforce-1.5.1/lib/restforce/middleware/multipart.rb:14:in `call'", "/usr/local/lib/ruby/gems/2.2.0/gems/restforce-1.5.1/lib/restforce/middleware/mashify.rb:7:in `call'", "/usr/local/lib/ruby/gems/2.2.0/gems/faraday-0.9.1/lib/faraday/rack_builder.rb:139:in `build_response'", "/usr/local/lib/ruby/gems/2.2.0/gems/faraday-0.9.1/lib/faraday/connection.rb:377:in `run_request'", "/usr/local/lib/ruby/gems/2.2.0/gems/faraday-0.9.1/lib/faraday/connection.rb:140:in `get'", "/usr/local/lib/ruby/gems/2.2.0/gems/restforce-1.5.1/lib/restforce/concerns/verbs.rb:36:in `block in define_verb'", "/usr/local/lib/ruby/gems/2.2.0/gems/restforce-1.5.1/lib/restforce/concerns/verbs.rb:62:in `block in define_api_verb'", "/usr/local/lib/ruby/gems/2.2.0/gems/restforce-1.5.1/lib/restforce/concerns/api.rb:130:in `query'", "/Users/kiliandavis/Desktop/Auction/git/adc-ruby-scripts/jobs/seller_zip_exporter/src/seller_zip_exporter.rb:36:in `block in execute!'", "/usr/local/lib/ruby/gems/2.2.0/gems/restforce-1.5.1/lib/restforce/collection.rb:14:in `block in each'", "/usr/local/lib/ruby/gems/2.2.0/gems/restforce-1.5.1/lib/restforce/collection.rb:14:in `each'", "/usr/local/lib/ruby/gems/2.2.0/gems/restforce-1.5.1/lib/restforce/collection.rb:14:in `each'", "/Users/kiliandavis/Desktop/Auction/git/adc-ruby-scripts/jobs/seller_zip_exporter/src/seller_zip_exporter.rb:29:in `execute!'", "seller_zip_exporter-runner.rb:14:in `run!'", "seller_zip_exporter-runner.rb:25:in `<main>'"]
I, [2016-01-14T11:24:05.926266 #38606]  INFO -- : {"host"=>"login.salesforce.com", "instance_url"=>nil, "username"=>"kdavis@auction.com", "password"=>"Molldoll10606", "security_token"=>"Sx37yiMLXhCPGbJh3wHkecIe", "client_id"=>"3MVG9iTxZANhwHQt0j0oOGc9BodRJK74qbBIve_2lqR_vPBrpJMmz_scGKKTjqztvfmtPtBSLTfH5.tW3YVg3", "client_secret"=>2798385460059144056}
I, [2016-01-14T11:24:06.316494 #38606]  INFO -- : Login successful
F, [2016-01-14T11:24:06.697804 #38606] FATAL -- : INVALID_QUERY_FILTER_OPERATOR: 
ContentType, Type from FeedItem WHERE ParentID = 'parentId' LIMIT 1
                                      ^
ERROR at Row:1:Column:94
invalid ID field: parentId
F, [2016-01-14T11:24:06.698138 #38606] FATAL -- : ["/usr/local/lib/ruby/gems/2.2.0/gems/restforce-1.5.1/lib/restforce/middleware/raise_error.rb:13:in `on_complete'", "/usr/local/lib/ruby/gems/2.2.0/gems/faraday-0.9.1/lib/faraday/response.rb:9:in `block in call'", "/usr/local/lib/ruby/gems/2.2.0/gems/faraday-0.9.1/lib/faraday/response.rb:57:in `on_complete'", "/usr/local/lib/ruby/gems/2.2.0/gems/faraday-0.9.1/lib/faraday/response.rb:8:in `call'", "/usr/local/lib/ruby/gems/2.2.0/gems/faraday_middleware-0.9.1/lib/faraday_middleware/response/follow_redirects.rb:79:in `perform_with_redirection'", "/usr/local/lib/ruby/gems/2.2.0/gems/faraday_middleware-0.9.1/lib/faraday_middleware/response/follow_redirects.rb:65:in `call'", "/usr/local/lib/ruby/gems/2.2.0/gems/faraday_middleware-0.9.1/lib/faraday_middleware/response_middleware.rb:30:in `call'", "/usr/local/lib/ruby/gems/2.2.0/gems/restforce-1.5.1/lib/restforce/middleware/instance_url.rb:9:in `call'", "/usr/local/lib/ruby/gems/2.2.0/gems/restforce-1.5.1/lib/restforce/middleware/authorization.rb:10:in `call'", "/usr/local/lib/ruby/gems/2.2.0/gems/restforce-1.5.1/lib/restforce/middleware/authentication.rb:13:in `call'", "/usr/local/lib/ruby/gems/2.2.0/gems/faraday_middleware-0.9.1/lib/faraday_middleware/request/encode_json.rb:23:in `call'", "/usr/local/lib/ruby/gems/2.2.0/gems/restforce-1.5.1/lib/restforce/middleware/multipart.rb:14:in `call'", "/usr/local/lib/ruby/gems/2.2.0/gems/restforce-1.5.1/lib/restforce/middleware/mashify.rb:7:in `call'", "/usr/local/lib/ruby/gems/2.2.0/gems/faraday-0.9.1/lib/faraday/rack_builder.rb:139:in `build_response'", "/usr/local/lib/ruby/gems/2.2.0/gems/faraday-0.9.1/lib/faraday/connection.rb:377:in `run_request'", "/usr/local/lib/ruby/gems/2.2.0/gems/faraday-0.9.1/lib/faraday/connection.rb:140:in `get'", "/usr/local/lib/ruby/gems/2.2.0/gems/restforce-1.5.1/lib/restforce/concerns/verbs.rb:36:in `block in define_verb'", "/usr/local/lib/ruby/gems/2.2.0/gems/restforce-1.5.1/lib/restforce/concerns/verbs.rb:62:in `block in define_api_verb'", "/usr/local/lib/ruby/gems/2.2.0/gems/restforce-1.5.1/lib/restforce/concerns/api.rb:130:in `query'", "/Users/kiliandavis/Desktop/Auction/git/adc-ruby-scripts/jobs/seller_zip_exporter/src/seller_zip_exporter.rb:36:in `block in execute!'", "/usr/local/lib/ruby/gems/2.2.0/gems/restforce-1.5.1/lib/restforce/collection.rb:14:in `block in each'", "/usr/local/lib/ruby/gems/2.2.0/gems/restforce-1.5.1/lib/restforce/collection.rb:14:in `each'", "/usr/local/lib/ruby/gems/2.2.0/gems/restforce-1.5.1/lib/restforce/collection.rb:14:in `each'", "/Users/kiliandavis/Desktop/Auction/git/adc-ruby-scripts/jobs/seller_zip_exporter/src/seller_zip_exporter.rb:29:in `execute!'", "seller_zip_exporter-runner.rb:14:in `run!'", "seller_zip_exporter-runner.rb:25:in `<main>'"]
I, [2016-01-14T11:24:32.304073 #38609]  INFO -- : {"host"=>"login.salesforce.com", "instance_url"=>nil, "username"=>"kdavis@auction.com", "password"=>"Molldoll10606", "security_token"=>"Sx37yiMLXhCPGbJh3wHkecIe", "client_id"=>"3MVG9iTxZANhwHQt0j0oOGc9BodRJK74qbBIve_2lqR_vPBrpJMmz_scGKKTjqztvfmtPtBSLTfH5.tW3YVg3", "client_secret"=>2798385460059144056}
I, [2016-01-14T11:24:33.186710 #38609]  INFO -- : Login successful
I, [2016-01-14T11:51:44.065739 #38654]  INFO -- : {"host"=>"login.salesforce.com", "instance_url"=>nil, "username"=>"kdavis@auction.com", "password"=>"Molldoll10606", "security_token"=>"Sx37yiMLXhCPGbJh3wHkecIe", "client_id"=>"3MVG9iTxZANhwHQt0j0oOGc9BodRJK74qbBIve_2lqR_vPBrpJMmz_scGKKTjqztvfmtPtBSLTfH5.tW3YVg3", "client_secret"=>2798385460059144056}
I, [2016-01-14T11:51:44.527982 #38654]  INFO -- : Login successful
I, [2016-01-14T11:54:27.369183 #38659]  INFO -- : {"host"=>"login.salesforce.com", "instance_url"=>nil, "username"=>"kdavis@auction.com", "password"=>"Molldoll10606", "security_token"=>"Sx37yiMLXhCPGbJh3wHkecIe", "client_id"=>"3MVG9iTxZANhwHQt0j0oOGc9BodRJK74qbBIve_2lqR_vPBrpJMmz_scGKKTjqztvfmtPtBSLTfH5.tW3YVg3", "client_secret"=>2798385460059144056}
I, [2016-01-14T11:54:27.804803 #38659]  INFO -- : Login successful
I, [2016-01-14T11:55:03.406189 #38667]  INFO -- : {"host"=>"login.salesforce.com", "instance_url"=>nil, "username"=>"kdavis@auction.com", "password"=>"Molldoll10606", "security_token"=>"Sx37yiMLXhCPGbJh3wHkecIe", "client_id"=>"3MVG9iTxZANhwHQt0j0oOGc9BodRJK74qbBIve_2lqR_vPBrpJMmz_scGKKTjqztvfmtPtBSLTfH5.tW3YVg3", "client_secret"=>2798385460059144056}
I, [2016-01-14T11:55:03.907637 #38667]  INFO -- : Login successful
I, [2016-01-14T12:08:15.574865 #38719]  INFO -- : {"host"=>"login.salesforce.com", "instance_url"=>nil, "username"=>"kdavis@auction.com", "password"=>"Molldoll10606", "security_token"=>"Sx37yiMLXhCPGbJh3wHkecIe", "client_id"=>"3MVG9iTxZANhwHQt0j0oOGc9BodRJK74qbBIve_2lqR_vPBrpJMmz_scGKKTjqztvfmtPtBSLTfH5.tW3YVg3", "client_secret"=>2798385460059144056}
I, [2016-01-14T12:08:16.034662 #38719]  INFO -- : Login successful
I, [2016-01-14T12:08:51.082278 #38725]  INFO -- : {"host"=>"login.salesforce.com", "instance_url"=>nil, "username"=>"kdavis@auction.com", "password"=>"Molldoll10606", "security_token"=>"Sx37yiMLXhCPGbJh3wHkecIe", "client_id"=>"3MVG9iTxZANhwHQt0j0oOGc9BodRJK74qbBIve_2lqR_vPBrpJMmz_scGKKTjqztvfmtPtBSLTfH5.tW3YVg3", "client_secret"=>2798385460059144056}
I, [2016-01-14T12:08:51.454202 #38725]  INFO -- : Login successful
I, [2016-01-14T12:12:58.256223 #38740]  INFO -- : {"host"=>"login.salesforce.com", "instance_url"=>nil, "username"=>"kdavis@auction.com", "password"=>"Molldoll10606", "security_token"=>"Sx37yiMLXhCPGbJh3wHkecIe", "client_id"=>"3MVG9iTxZANhwHQt0j0oOGc9BodRJK74qbBIve_2lqR_vPBrpJMmz_scGKKTjqztvfmtPtBSLTfH5.tW3YVg3", "client_secret"=>2798385460059144056}
I, [2016-01-14T12:12:58.911504 #38740]  INFO -- : Login successful
I, [2016-01-14T12:14:22.269916 #38746]  INFO -- : {"host"=>"login.salesforce.com", "instance_url"=>nil, "username"=>"kdavis@auction.com", "password"=>"Molldoll10606", "security_token"=>"Sx37yiMLXhCPGbJh3wHkecIe", "client_id"=>"3MVG9iTxZANhwHQt0j0oOGc9BodRJK74qbBIve_2lqR_vPBrpJMmz_scGKKTjqztvfmtPtBSLTfH5.tW3YVg3", "client_secret"=>2798385460059144056}
I, [2016-01-14T12:14:22.848820 #38746]  INFO -- : Login successful
I, [2016-01-14T12:28:20.369198 #38820]  INFO -- : {"host"=>"login.salesforce.com", "instance_url"=>nil, "username"=>"kdavis@auction.com", "password"=>"Molldoll10606", "security_token"=>"Sx37yiMLXhCPGbJh3wHkecIe", "client_id"=>"3MVG9iTxZANhwHQt0j0oOGc9BodRJK74qbBIve_2lqR_vPBrpJMmz_scGKKTjqztvfmtPtBSLTfH5.tW3YVg3", "client_secret"=>2798385460059144056}
I, [2016-01-14T12:28:20.927494 #38820]  INFO -- : Login successful
I, [2016-01-14T12:29:07.465007 #38824]  INFO -- : {"host"=>"login.salesforce.com", "instance_url"=>nil, "username"=>"kdavis@auction.com", "password"=>"Molldoll10606", "security_token"=>"Sx37yiMLXhCPGbJh3wHkecIe", "client_id"=>"3MVG9iTxZANhwHQt0j0oOGc9BodRJK74qbBIve_2lqR_vPBrpJMmz_scGKKTjqztvfmtPtBSLTfH5.tW3YVg3", "client_secret"=>2798385460059144056}
I, [2016-01-14T12:29:07.855918 #38824]  INFO -- : Login successful
I, [2016-01-14T12:30:55.379415 #38834]  INFO -- : {"host"=>"login.salesforce.com", "instance_url"=>nil, "username"=>"kdavis@auction.com", "password"=>"Molldoll10606", "security_token"=>"Sx37yiMLXhCPGbJh3wHkecIe", "client_id"=>"3MVG9iTxZANhwHQt0j0oOGc9BodRJK74qbBIve_2lqR_vPBrpJMmz_scGKKTjqztvfmtPtBSLTfH5.tW3YVg3", "client_secret"=>2798385460059144056}
I, [2016-01-14T12:30:55.961955 #38834]  INFO -- : Login successful
I, [2016-01-14T13:05:05.773309 #38912]  INFO -- : {"host"=>"login.salesforce.com", "instance_url"=>nil, "username"=>"kdavis@auction.com", "password"=>"Molldoll10606", "security_token"=>"Sx37yiMLXhCPGbJh3wHkecIe", "client_id"=>"3MVG9iTxZANhwHQt0j0oOGc9BodRJK74qbBIve_2lqR_vPBrpJMmz_scGKKTjqztvfmtPtBSLTfH5.tW3YVg3", "client_secret"=>2798385460059144056}
I, [2016-01-14T13:05:06.432468 #38912]  INFO -- : Login successful
I, [2016-01-14T13:05:24.319634 #38914]  INFO -- : {"host"=>"login.salesforce.com", "instance_url"=>nil, "username"=>"kdavis@auction.com", "password"=>"Molldoll10606", "security_token"=>"Sx37yiMLXhCPGbJh3wHkecIe", "client_id"=>"3MVG9iTxZANhwHQt0j0oOGc9BodRJK74qbBIve_2lqR_vPBrpJMmz_scGKKTjqztvfmtPtBSLTfH5.tW3YVg3", "client_secret"=>2798385460059144056}
I, [2016-01-14T13:05:25.271663 #38914]  INFO -- : Login successful
I, [2016-01-14T13:06:03.166791 #38918]  INFO -- : {"host"=>"login.salesforce.com", "instance_url"=>nil, "username"=>"kdavis@auction.com", "password"=>"Molldoll10606", "security_token"=>"Sx37yiMLXhCPGbJh3wHkecIe", "client_id"=>"3MVG9iTxZANhwHQt0j0oOGc9BodRJK74qbBIve_2lqR_vPBrpJMmz_scGKKTjqztvfmtPtBSLTfH5.tW3YVg3", "client_secret"=>2798385460059144056}
I, [2016-01-14T13:06:03.542467 #38918]  INFO -- : Login successful
I, [2016-01-14T13:06:20.808071 #38920]  INFO -- : {"host"=>"login.salesforce.com", "instance_url"=>nil, "username"=>"kdavis@auction.com", "password"=>"Molldoll10606", "security_token"=>"Sx37yiMLXhCPGbJh3wHkecIe", "client_id"=>"3MVG9iTxZANhwHQt0j0oOGc9BodRJK74qbBIve_2lqR_vPBrpJMmz_scGKKTjqztvfmtPtBSLTfH5.tW3YVg3", "client_secret"=>2798385460059144056}
I, [2016-01-14T13:06:21.605842 #38920]  INFO -- : Login successful
I, [2016-01-14T13:14:04.494661 #38938]  INFO -- : {"host"=>"login.salesforce.com", "instance_url"=>nil, "username"=>"kdavis@auction.com", "password"=>"Molldoll10606", "security_token"=>"Sx37yiMLXhCPGbJh3wHkecIe", "client_id"=>"3MVG9iTxZANhwHQt0j0oOGc9BodRJK74qbBIve_2lqR_vPBrpJMmz_scGKKTjqztvfmtPtBSLTfH5.tW3YVg3", "client_secret"=>2798385460059144056}
I, [2016-01-14T13:14:05.060840 #38938]  INFO -- : Login successful
F, [2016-01-14T13:14:05.801501 #38938] FATAL -- : undefined method `length' for nil:NilClass
F, [2016-01-14T13:14:05.801765 #38938] FATAL -- : ["/Users/kiliandavis/Desktop/Auction/git/adc-ruby-scripts/jobs/seller_zip_exporter/src/seller_zip_exporter.rb:45:in `block (2 levels) in execute!'", "/usr/local/lib/ruby/gems/2.2.0/gems/restforce-1.5.1/lib/restforce/collection.rb:14:in `block in each'", "/usr/local/lib/ruby/gems/2.2.0/gems/restforce-1.5.1/lib/restforce/collection.rb:14:in `each'", "/usr/local/lib/ruby/gems/2.2.0/gems/restforce-1.5.1/lib/restforce/collection.rb:14:in `each'", "/Users/kiliandavis/Desktop/Auction/git/adc-ruby-scripts/jobs/seller_zip_exporter/src/seller_zip_exporter.rb:39:in `block in execute!'", "/usr/local/lib/ruby/gems/2.2.0/gems/restforce-1.5.1/lib/restforce/collection.rb:14:in `block in each'", "/usr/local/lib/ruby/gems/2.2.0/gems/restforce-1.5.1/lib/restforce/collection.rb:14:in `each'", "/usr/local/lib/ruby/gems/2.2.0/gems/restforce-1.5.1/lib/restforce/collection.rb:14:in `each'", "/Users/kiliandavis/Desktop/Auction/git/adc-ruby-scripts/jobs/seller_zip_exporter/src/seller_zip_exporter.rb:31:in `execute!'", "seller_zip_exporter-runner.rb:14:in `run!'", "seller_zip_exporter-runner.rb:25:in `<main>'"]
I, [2016-01-14T13:15:16.099905 #38943]  INFO -- : {"host"=>"login.salesforce.com", "instance_url"=>nil, "username"=>"kdavis@auction.com", "password"=>"Molldoll10606", "security_token"=>"Sx37yiMLXhCPGbJh3wHkecIe", "client_id"=>"3MVG9iTxZANhwHQt0j0oOGc9BodRJK74qbBIve_2lqR_vPBrpJMmz_scGKKTjqztvfmtPtBSLTfH5.tW3YVg3", "client_secret"=>2798385460059144056}
I, [2016-01-14T13:15:16.921305 #38943]  INFO -- : Login successful
I, [2016-01-14T13:57:43.455075 #39042]  INFO -- : {"host"=>"login.salesforce.com", "instance_url"=>nil, "username"=>"kdavis@auction.com", "password"=>"Molldoll10606", "security_token"=>"Sx37yiMLXhCPGbJh3wHkecIe", "client_id"=>"3MVG9iTxZANhwHQt0j0oOGc9BodRJK74qbBIve_2lqR_vPBrpJMmz_scGKKTjqztvfmtPtBSLTfH5.tW3YVg3", "client_secret"=>2798385460059144056}
I, [2016-01-14T13:57:44.377998 #39042]  INFO -- : Login successful
I, [2016-01-14T13:58:43.343935 #39051]  INFO -- : {"host"=>"login.salesforce.com", "instance_url"=>nil, "username"=>"kdavis@auction.com", "password"=>"Molldoll10606", "security_token"=>"Sx37yiMLXhCPGbJh3wHkecIe", "client_id"=>"3MVG9iTxZANhwHQt0j0oOGc9BodRJK74qbBIve_2lqR_vPBrpJMmz_scGKKTjqztvfmtPtBSLTfH5.tW3YVg3", "client_secret"=>2798385460059144056}
I, [2016-01-14T13:58:44.155970 #39051]  INFO -- : Login successful
I, [2016-01-14T13:59:07.804530 #39054]  INFO -- : {"host"=>"login.salesforce.com", "instance_url"=>nil, "username"=>"kdavis@auction.com", "password"=>"Molldoll10606", "security_token"=>"Sx37yiMLXhCPGbJh3wHkecIe", "client_id"=>"3MVG9iTxZANhwHQt0j0oOGc9BodRJK74qbBIve_2lqR_vPBrpJMmz_scGKKTjqztvfmtPtBSLTfH5.tW3YVg3", "client_secret"=>2798385460059144056}
I, [2016-01-14T13:59:08.843836 #39054]  INFO -- : Login successful
I, [2016-01-14T13:59:50.209733 #39059]  INFO -- : {"host"=>"login.salesforce.com", "instance_url"=>nil, "username"=>"kdavis@auction.com", "password"=>"Molldoll10606", "security_token"=>"Sx37yiMLXhCPGbJh3wHkecIe", "client_id"=>"3MVG9iTxZANhwHQt0j0oOGc9BodRJK74qbBIve_2lqR_vPBrpJMmz_scGKKTjqztvfmtPtBSLTfH5.tW3YVg3", "client_secret"=>2798385460059144056}
I, [2016-01-14T13:59:50.598668 #39059]  INFO -- : Login successful
I, [2016-01-14T14:07:23.598852 #39084]  INFO -- : {"host"=>"login.salesforce.com", "instance_url"=>nil, "username"=>"kdavis@auction.com", "password"=>"Molldoll10606", "security_token"=>"Sx37yiMLXhCPGbJh3wHkecIe", "client_id"=>"3MVG9iTxZANhwHQt0j0oOGc9BodRJK74qbBIve_2lqR_vPBrpJMmz_scGKKTjqztvfmtPtBSLTfH5.tW3YVg3", "client_secret"=>2798385460059144056}
I, [2016-01-14T14:07:24.259963 #39084]  INFO -- : Login successful
F, [2016-01-14T14:07:33.160021 #39084] FATAL -- : undefined method `decode' for Base64:Module
F, [2016-01-14T14:07:33.160533 #39084] FATAL -- : ["/Users/kiliandavis/Desktop/Auction/git/adc-ruby-scripts/jobs/seller_zip_exporter/src/seller_zip_exporter.rb:45:in `block (2 levels) in execute!'", "/usr/local/lib/ruby/gems/2.2.0/gems/restforce-1.5.1/lib/restforce/collection.rb:14:in `block in each'", "/usr/local/lib/ruby/gems/2.2.0/gems/restforce-1.5.1/lib/restforce/collection.rb:14:in `each'", "/usr/local/lib/ruby/gems/2.2.0/gems/restforce-1.5.1/lib/restforce/collection.rb:14:in `each'", "/Users/kiliandavis/Desktop/Auction/git/adc-ruby-scripts/jobs/seller_zip_exporter/src/seller_zip_exporter.rb:39:in `block in execute!'", "/usr/local/lib/ruby/gems/2.2.0/gems/restforce-1.5.1/lib/restforce/collection.rb:14:in `block in each'", "/usr/local/lib/ruby/gems/2.2.0/gems/restforce-1.5.1/lib/restforce/collection.rb:14:in `each'", "/usr/local/lib/ruby/gems/2.2.0/gems/restforce-1.5.1/lib/restforce/collection.rb:14:in `each'", "/Users/kiliandavis/Desktop/Auction/git/adc-ruby-scripts/jobs/seller_zip_exporter/src/seller_zip_exporter.rb:31:in `execute!'", "seller_zip_exporter-runner.rb:14:in `run!'", "seller_zip_exporter-runner.rb:25:in `<main>'"]
I, [2016-01-14T14:07:54.378670 #39087]  INFO -- : {"host"=>"login.salesforce.com", "instance_url"=>nil, "username"=>"kdavis@auction.com", "password"=>"Molldoll10606", "security_token"=>"Sx37yiMLXhCPGbJh3wHkecIe", "client_id"=>"3MVG9iTxZANhwHQt0j0oOGc9BodRJK74qbBIve_2lqR_vPBrpJMmz_scGKKTjqztvfmtPtBSLTfH5.tW3YVg3", "client_secret"=>2798385460059144056}
I, [2016-01-14T14:07:54.979600 #39087]  INFO -- : Login successful
I, [2016-01-14T14:26:27.404365 #39129]  INFO -- : {"host"=>"login.salesforce.com", "instance_url"=>nil, "username"=>"kdavis@auction.com", "password"=>"Molldoll10606", "security_token"=>"Sx37yiMLXhCPGbJh3wHkecIe", "client_id"=>"3MVG9iTxZANhwHQt0j0oOGc9BodRJK74qbBIve_2lqR_vPBrpJMmz_scGKKTjqztvfmtPtBSLTfH5.tW3YVg3", "client_secret"=>2798385460059144056}
I, [2016-01-14T14:26:27.872630 #39129]  INFO -- : Login successful
F, [2016-01-14T14:26:36.311446 #39129] FATAL -- : No such file or directory @ rb_sysopen - /Users/kiliandavis/Desktop/Auction/ZipFiles/test1.zip
F, [2016-01-14T14:26:36.312541 #39129] FATAL -- : ["/Users/kiliandavis/Desktop/Auction/git/adc-ruby-scripts/jobs/seller_zip_exporter/src/seller_zip_exporter.rb:46:in `initialize'", "/Users/kiliandavis/Desktop/Auction/git/adc-ruby-scripts/jobs/seller_zip_exporter/src/seller_zip_exporter.rb:46:in `open'", "/Users/kiliandavis/Desktop/Auction/git/adc-ruby-scripts/jobs/seller_zip_exporter/src/seller_zip_exporter.rb:46:in `block (2 levels) in execute!'", "/usr/local/lib/ruby/gems/2.2.0/gems/restforce-1.5.1/lib/restforce/collection.rb:14:in `block in each'", "/usr/local/lib/ruby/gems/2.2.0/gems/restforce-1.5.1/lib/restforce/collection.rb:14:in `each'", "/usr/local/lib/ruby/gems/2.2.0/gems/restforce-1.5.1/lib/restforce/collection.rb:14:in `each'", "/Users/kiliandavis/Desktop/Auction/git/adc-ruby-scripts/jobs/seller_zip_exporter/src/seller_zip_exporter.rb:39:in `block in execute!'", "/usr/local/lib/ruby/gems/2.2.0/gems/restforce-1.5.1/lib/restforce/collection.rb:14:in `block in each'", "/usr/local/lib/ruby/gems/2.2.0/gems/restforce-1.5.1/lib/restforce/collection.rb:14:in `each'", "/usr/local/lib/ruby/gems/2.2.0/gems/restforce-1.5.1/lib/restforce/collection.rb:14:in `each'", "/Users/kiliandavis/Desktop/Auction/git/adc-ruby-scripts/jobs/seller_zip_exporter/src/seller_zip_exporter.rb:31:in `execute!'", "seller_zip_exporter-runner.rb:14:in `run!'", "seller_zip_exporter-runner.rb:25:in `<main>'"]
I, [2016-01-14T14:26:51.916444 #39132]  INFO -- : {"host"=>"login.salesforce.com", "instance_url"=>nil, "username"=>"kdavis@auction.com", "password"=>"Molldoll10606", "security_token"=>"Sx37yiMLXhCPGbJh3wHkecIe", "client_id"=>"3MVG9iTxZANhwHQt0j0oOGc9BodRJK74qbBIve_2lqR_vPBrpJMmz_scGKKTjqztvfmtPtBSLTfH5.tW3YVg3", "client_secret"=>2798385460059144056}
I, [2016-01-14T14:26:52.332685 #39132]  INFO -- : Login successful
F, [2016-01-14T14:27:01.817733 #39132] FATAL -- : undefined local variable or method `wb' for #<SellerZipExporter:0x007fc65b130e38>
F, [2016-01-14T14:27:01.817877 #39132] FATAL -- : ["/Users/kiliandavis/Desktop/Auction/git/adc-ruby-scripts/jobs/seller_zip_exporter/src/seller_zip_exporter.rb:46:in `block (2 levels) in execute!'", "/usr/local/lib/ruby/gems/2.2.0/gems/restforce-1.5.1/lib/restforce/collection.rb:14:in `block in each'", "/usr/local/lib/ruby/gems/2.2.0/gems/restforce-1.5.1/lib/restforce/collection.rb:14:in `each'", "/usr/local/lib/ruby/gems/2.2.0/gems/restforce-1.5.1/lib/restforce/collection.rb:14:in `each'", "/Users/kiliandavis/Desktop/Auction/git/adc-ruby-scripts/jobs/seller_zip_exporter/src/seller_zip_exporter.rb:39:in `block in execute!'", "/usr/local/lib/ruby/gems/2.2.0/gems/restforce-1.5.1/lib/restforce/collection.rb:14:in `block in each'", "/usr/local/lib/ruby/gems/2.2.0/gems/restforce-1.5.1/lib/restforce/collection.rb:14:in `each'", "/usr/local/lib/ruby/gems/2.2.0/gems/restforce-1.5.1/lib/restforce/collection.rb:14:in `each'", "/Users/kiliandavis/Desktop/Auction/git/adc-ruby-scripts/jobs/seller_zip_exporter/src/seller_zip_exporter.rb:31:in `execute!'", "seller_zip_exporter-runner.rb:14:in `run!'", "seller_zip_exporter-runner.rb:25:in `<main>'"]
I, [2016-01-14T14:27:16.708598 #39136]  INFO -- : {"host"=>"login.salesforce.com", "instance_url"=>nil, "username"=>"kdavis@auction.com", "password"=>"Molldoll10606", "security_token"=>"Sx37yiMLXhCPGbJh3wHkecIe", "client_id"=>"3MVG9iTxZANhwHQt0j0oOGc9BodRJK74qbBIve_2lqR_vPBrpJMmz_scGKKTjqztvfmtPtBSLTfH5.tW3YVg3", "client_secret"=>2798385460059144056}
I, [2016-01-14T14:27:17.252130 #39136]  INFO -- : Login successful
I, [2016-01-14T14:27:57.469659 #39148]  INFO -- : {"host"=>"login.salesforce.com", "instance_url"=>nil, "username"=>"kdavis@auction.com", "password"=>"Molldoll10606", "security_token"=>"Sx37yiMLXhCPGbJh3wHkecIe", "client_id"=>"3MVG9iTxZANhwHQt0j0oOGc9BodRJK74qbBIve_2lqR_vPBrpJMmz_scGKKTjqztvfmtPtBSLTfH5.tW3YVg3", "client_secret"=>2798385460059144056}
I, [2016-01-14T14:27:57.859689 #39148]  INFO -- : Login successful
I, [2016-01-14T14:38:35.565806 #39182]  INFO -- : {"host"=>"login.salesforce.com", "instance_url"=>nil, "username"=>"kdavis@auction.com", "password"=>"Molldoll10606", "security_token"=>"Sx37yiMLXhCPGbJh3wHkecIe", "client_id"=>"3MVG9iTxZANhwHQt0j0oOGc9BodRJK74qbBIve_2lqR_vPBrpJMmz_scGKKTjqztvfmtPtBSLTfH5.tW3YVg3", "client_secret"=>2798385460059144056}
I, [2016-01-14T14:38:36.145018 #39182]  INFO -- : Login successful
I, [2016-01-14T14:39:09.972954 #39185]  INFO -- : {"host"=>"login.salesforce.com", "instance_url"=>nil, "username"=>"kdavis@auction.com", "password"=>"Molldoll10606", "security_token"=>"Sx37yiMLXhCPGbJh3wHkecIe", "client_id"=>"3MVG9iTxZANhwHQt0j0oOGc9BodRJK74qbBIve_2lqR_vPBrpJMmz_scGKKTjqztvfmtPtBSLTfH5.tW3YVg3", "client_secret"=>2798385460059144056}
I, [2016-01-14T14:39:10.343839 #39185]  INFO -- : Login successful
I, [2016-01-14T14:41:14.190602 #39191]  INFO -- : {"host"=>"login.salesforce.com", "instance_url"=>nil, "username"=>"kdavis@auction.com", "password"=>"Molldoll10606", "security_token"=>"Sx37yiMLXhCPGbJh3wHkecIe", "client_id"=>"3MVG9iTxZANhwHQt0j0oOGc9BodRJK74qbBIve_2lqR_vPBrpJMmz_scGKKTjqztvfmtPtBSLTfH5.tW3YVg3", "client_secret"=>2798385460059144056}
I, [2016-01-14T14:41:15.064871 #39191]  INFO -- : Login successful
I, [2016-01-14T14:43:18.642491 #39199]  INFO -- : {"host"=>"login.salesforce.com", "instance_url"=>nil, "username"=>"kdavis@auction.com", "password"=>"Molldoll10606", "security_token"=>"Sx37yiMLXhCPGbJh3wHkecIe", "client_id"=>"3MVG9iTxZANhwHQt0j0oOGc9BodRJK74qbBIve_2lqR_vPBrpJMmz_scGKKTjqztvfmtPtBSLTfH5.tW3YVg3", "client_secret"=>2798385460059144056}
I, [2016-01-14T14:43:19.062009 #39199]  INFO -- : Login successful
I, [2016-01-14T14:50:21.930572 #39216]  INFO -- : {"host"=>"login.salesforce.com", "instance_url"=>nil, "username"=>"kdavis@auction.com", "password"=>"Molldoll10606", "security_token"=>"Sx37yiMLXhCPGbJh3wHkecIe", "client_id"=>"3MVG9iTxZANhwHQt0j0oOGc9BodRJK74qbBIve_2lqR_vPBrpJMmz_scGKKTjqztvfmtPtBSLTfH5.tW3YVg3", "client_secret"=>2798385460059144056}
I, [2016-01-14T14:50:22.388491 #39216]  INFO -- : Login successful
